<?xml version="1.0" encoding="UTF-8"?>
<!-- Generated by org.testng.reporters.JUnitReportReporter -->
<testsuite skipped="0" hostname="LAPTOP-BL99EMON" name="com.ae.test.SampleTest" tests="1" failures="0" timestamp="13 Sep 2021 12:32:00 GMT" time="5.751" errors="0">
  <testcase name="getresponsedeserialization" time="5.751" classname="com.ae.test.SampleTest"/>
</testsuite> <!-- com.ae.test.SampleTest -->
