<?xml version="1.0" encoding="UTF-8"?>
<!-- Generated by org.testng.reporters.JUnitReportReporter -->
<testsuite skipped="0" hostname="LAPTOP-BL99EMON" name="com.ae.test.SampleTest2" tests="1" failures="0" timestamp="14 Sep 2021 12:44:27 GMT" time="5.482" errors="0">
  <testcase name="getresponsemap" time="5.482" classname="com.ae.test.SampleTest2"/>
</testsuite> <!-- com.ae.test.SampleTest2 -->
