<?xml version="1.0" encoding="UTF-8"?>
<!-- Generated by org.testng.reporters.JUnitReportReporter -->
<testsuite skipped="0" hostname="LAPTOP-BL99EMON" name="com.ae.test.SampleTest2" tests="1" failures="0" timestamp="2021-09-14T18:32:40 IST" time="5.074" errors="0">
  <testcase name="getresponsemap" time="5.074" classname="com.ae.test.SampleTest2"/>
  <system-out/>
</testsuite> <!-- com.ae.test.SampleTest2 -->
